<?xml version="1.0" encoding="UTF-8"?>
<!-- Generated by org.testng.reporters.JUnitReportReporter -->
<testsuite hostname="DESKTOP-CCPG5IB" failures="0" tests="1" name="TestRunner.CucumberTestRunner" time="30.523" errors="0" timestamp="2024-03-21T13:08:42 IST" skipped="0">
  <testcase classname="TestRunner.CucumberTestRunner" name="runScenario" time="30.523"/>
  <system-out/>
</testsuite> <!-- TestRunner.CucumberTestRunner -->
